<?xml version="1.0" encoding="UTF-8"?>
<!-- Generated by org.testng.reporters.JUnitReportReporter -->
<testsuite hostname="ADMIN" name="com.vsii.tsc.TSCSelenium.khaidq.TestFindFlightSuccess" tests="1" failures="0" timestamp="21 Feb 2016 19:45:35 GMT" time="4.485" errors="0">
  <testcase name="testFindFlightSuccess" time="4.485" classname="com.vsii.tsc.TSCSelenium.khaidq.TestFindFlightSuccess"/>
</testsuite> <!-- com.vsii.tsc.TSCSelenium.khaidq.TestFindFlightSuccess -->
